2026-03-30 02:48:50.458 | INFO     | core.database:_initialize_historical_data:18 - Initializing DuckDB Historical Layer...
2026-03-30 02:48:50.540 | DEBUG    | core.database:_initialize_historical_data:24 - Ingested mlb_official_2024.csv
2026-03-30 02:48:50.642 | DEBUG    | core.database:_initialize_historical_data:30 - Ingested api_sports_2024.csv
2026-03-30 02:48:50.649 | DEBUG    | core.database:_initialize_historical_data:36 - Ingested player_war_2025.csv
2026-03-30 02:49:08.776 | INFO     | core.database:_initialize_historical_data:18 - Initializing DuckDB Historical Layer...
2026-03-30 02:49:08.840 | DEBUG    | core.database:_initialize_historical_data:24 - Ingested mlb_official_2024.csv
2026-03-30 02:49:08.913 | DEBUG    | core.database:_initialize_historical_data:30 - Ingested api_sports_2024.csv
2026-03-30 02:49:08.921 | DEBUG    | core.database:_initialize_historical_data:36 - Ingested player_war_2025.csv
2026-03-30 02:49:10.050 | INFO     | __main__:verify_upgrade:16 - Upgrade Verification Suite Started
2026-03-30 03:02:08.981 | INFO     | core.database:_initialize_historical_data:18 - Initializing DuckDB Historical Layer...
2026-03-30 03:02:09.045 | DEBUG    | core.database:_initialize_historical_data:24 - Ingested mlb_official_2024.csv
2026-03-30 03:02:09.117 | DEBUG    | core.database:_initialize_historical_data:30 - Ingested api_sports_2024.csv
2026-03-30 03:02:09.125 | DEBUG    | core.database:_initialize_historical_data:36 - Ingested player_war_2025.csv
2026-03-30 03:02:10.297 | INFO     | __main__:verify_upgrade:16 - Upgrade Verification Suite Started
2026-03-30 03:08:42.789 | DEBUG    | core.analytics:track_event:38 - Analytics logged: terminal_verified
2026-03-30 03:26:08.766 | INFO     | __main__:scrape_betting_trends:22 - Scraping 2026 Betting Trends from https://www.teamrankings.com/mlb/trends/...
2026-03-30 03:26:09.610 | ERROR    | __main__:scrape_betting_trends:57 - Scraper Engine Error: 404 Client Error: Not Found for url: https://www.teamrankings.com/mlb/trends/win-trends-ats/
2026-03-30 03:26:46.719 | INFO     | __main__:scrape_betting_trends:22 - Scraping 2026 Betting Trends from https://www.teamrankings.com/mlb/trends/run-line-records/...
2026-03-30 03:26:47.361 | ERROR    | __main__:scrape_betting_trends:57 - Scraper Engine Error: 404 Client Error: Not Found for url: https://www.teamrankings.com/mlb/trends/run-line-records/
2026-03-30 03:34:34.596 | INFO     | __main__:audit_mathematical_rigor:12 - 📡 Initiating Mastery Audit: Mathematical Accuracy (Phase 12)...
2026-03-30 03:34:34.608 | INFO     | __main__:audit_mathematical_rigor:21 - Test 1: Theoretical Logit Probability = 0.5345
2026-03-30 03:35:25.041 | INFO     | __main__:audit_mathematical_rigor:12 - 📡 Initiating Mastery Audit: Mathematical Accuracy (Phase 12)...
2026-03-30 03:35:25.041 | INFO     | __main__:audit_mathematical_rigor:21 - Test 1: Theoretical Logit Probability = 0.5345
2026-03-30 03:35:25.047 | INFO     | __main__:audit_mathematical_rigor:31 - Test 2: Monte Carlo Alignment (Delta: 0.0009) -> SUCCESS
2026-03-30 03:35:25.047 | INFO     | __main__:audit_mathematical_rigor:41 - Test 3: Run Projection Accuracy (Delta: 0.1803) -> BIAS DETECTED
2026-03-30 03:35:25.047 | ERROR    | __main__:audit_mathematical_rigor:46 - MASTER AUDIT: Model Drift detected. Calibration required.
2026-03-30 03:36:37.935 | INFO     | __main__:audit_mathematical_rigor:12 - 📡 Initiating Mastery Audit: Mathematical Accuracy (Phase 12)...
2026-03-30 03:36:37.936 | INFO     | __main__:audit_mathematical_rigor:21 - Test 1: Theoretical Logit Probability = 0.5345
2026-03-30 03:36:37.947 | INFO     | __main__:audit_mathematical_rigor:31 - Test 2: Monte Carlo Alignment (Delta: 0.0115) -> SUCCESS
2026-03-30 03:36:37.947 | INFO     | __main__:audit_mathematical_rigor:41 - Test 3: Run Projection Accuracy (Delta: 0.0109) -> SUCCESS
2026-03-30 03:36:37.947 | SUCCESS  | __main__:audit_mathematical_rigor:44 - MASTER AUDIT: All mathematical foundations are 100% ALIGNED for 2026.
2026-03-30 04:33:04.463 | ERROR    | core.data_fetcher:get_mlb_odds:33 - Error fetching odds: 401 Client Error: Unauthorized for url: https://api.the-odds-api.com/v4/sports/baseball_mlb/odds/?apiKey=eb0d566f1f9bdaffc12ed72253d98fc4&regions=us%2Cuk%2Ceu%2Cau&markets=h2h&oddsFormat=american
2026-03-30 04:33:09.589 | INFO     | core.scraper_engine:scrape_betting_trends:23 - Scraping 2026 Betting Alpha from https://www.teamrankings.com/mlb/trends/ats_trends/...
2026-03-30 04:33:12.103 | SUCCESS  | core.scraper_engine:scrape_betting_trends:56 - Scraper: 2026 Institutional Matrix cached for 30 teams.
2026-03-30 04:35:38.473 | ERROR    | core.data_fetcher:get_mlb_odds:33 - Error fetching odds: 401 Client Error: Unauthorized for url: https://api.the-odds-api.com/v4/sports/baseball_mlb/odds/?apiKey=eb0d566f1f9bdaffc12ed72253d98fc4&regions=us%2Cuk%2Ceu%2Cau&markets=h2h&oddsFormat=american
2026-03-30 04:35:41.427 | DEBUG    | core.analytics:track_event:38 - Analytics logged: shadow_audit_capture
2026-03-30 04:35:41.510 | DEBUG    | core.analytics:track_event:38 - Analytics logged: shadow_audit_capture
2026-03-30 04:35:41.575 | DEBUG    | core.analytics:track_event:38 - Analytics logged: shadow_audit_capture
2026-03-30 04:35:41.631 | DEBUG    | core.analytics:track_event:38 - Analytics logged: shadow_audit_capture
2026-03-30 04:35:41.684 | DEBUG    | core.analytics:track_event:38 - Analytics logged: shadow_audit_capture
2026-03-30 04:35:41.740 | DEBUG    | core.analytics:track_event:38 - Analytics logged: shadow_audit_capture
2026-03-30 04:35:41.796 | DEBUG    | core.analytics:track_event:38 - Analytics logged: shadow_audit_capture
2026-03-30 04:35:41.853 | DEBUG    | core.analytics:track_event:38 - Analytics logged: shadow_audit_capture
2026-03-30 04:35:41.894 | DEBUG    | core.analytics:track_event:38 - Analytics logged: shadow_audit_capture
2026-03-30 04:35:41.937 | DEBUG    | core.analytics:track_event:38 - Analytics logged: shadow_audit_capture
2026-03-30 04:35:41.990 | DEBUG    | core.analytics:track_event:38 - Analytics logged: shadow_audit_capture
2026-03-30 04:35:42.037 | DEBUG    | core.analytics:track_event:38 - Analytics logged: shadow_audit_capture
2026-03-30 04:35:42.107 | DEBUG    | core.analytics:track_event:38 - Analytics logged: shadow_audit_capture
2026-03-30 04:35:42.177 | DEBUG    | core.analytics:track_event:38 - Analytics logged: shadow_audit_capture
2026-03-30 04:35:42.228 | DEBUG    | core.analytics:track_event:38 - Analytics logged: shadow_audit_capture
2026-03-30 04:35:42.277 | DEBUG    | core.analytics:track_event:38 - Analytics logged: shadow_audit_capture
2026-03-30 04:35:42.346 | DEBUG    | core.analytics:track_event:38 - Analytics logged: shadow_audit_capture
2026-03-30 04:35:42.400 | DEBUG    | core.analytics:track_event:38 - Analytics logged: shadow_audit_capture
2026-03-30 04:35:42.465 | DEBUG    | core.analytics:track_event:38 - Analytics logged: shadow_audit_capture
2026-03-30 04:35:42.510 | DEBUG    | core.analytics:track_event:38 - Analytics logged: shadow_audit_capture
2026-03-30 04:35:42.562 | DEBUG    | core.analytics:track_event:38 - Analytics logged: shadow_audit_capture
2026-03-30 04:35:42.608 | DEBUG    | core.analytics:track_event:38 - Analytics logged: shadow_audit_capture
2026-03-30 04:35:42.661 | DEBUG    | core.analytics:track_event:38 - Analytics logged: shadow_audit_capture
2026-03-30 04:35:42.725 | DEBUG    | core.analytics:track_event:38 - Analytics logged: shadow_audit_capture
2026-03-30 04:35:42.796 | DEBUG    | core.analytics:track_event:38 - Analytics logged: shadow_audit_capture
2026-03-30 04:35:42.840 | DEBUG    | core.analytics:track_event:38 - Analytics logged: shadow_audit_capture
2026-03-30 04:35:42.898 | DEBUG    | core.analytics:track_event:38 - Analytics logged: shadow_audit_capture
2026-03-30 04:35:42.961 | DEBUG    | core.analytics:track_event:38 - Analytics logged: shadow_audit_capture
2026-03-30 04:35:43.022 | DEBUG    | core.analytics:track_event:38 - Analytics logged: shadow_audit_capture
2026-03-30 11:19:38.891 | INFO     | core.database:_initialize_historical_data:18 - Initializing DuckDB Historical Layer...
2026-03-30 11:19:38.956 | DEBUG    | core.database:_initialize_historical_data:24 - Ingested mlb_official_2024.csv
2026-03-30 11:19:39.030 | DEBUG    | core.database:_initialize_historical_data:30 - Ingested api_sports_2024.csv
2026-03-30 11:19:39.041 | DEBUG    | core.database:_initialize_historical_data:36 - Ingested player_war_2025.csv
2026-03-30 11:19:40.854 | INFO     | __main__:verify_upgrade:16 - Upgrade Verification Suite Started
2026-03-30 11:29:36.872 | INFO     | core.database:_initialize_historical_data:18 - Initializing DuckDB Historical Layer...
2026-03-30 11:29:36.925 | DEBUG    | core.database:_initialize_historical_data:24 - Ingested mlb_official_2024.csv
2026-03-30 11:29:37.000 | DEBUG    | core.database:_initialize_historical_data:30 - Ingested api_sports_2024.csv
2026-03-30 11:29:37.009 | DEBUG    | core.database:_initialize_historical_data:36 - Ingested player_war_2025.csv
2026-03-30 11:29:38.144 | INFO     | __main__:verify_upgrade:16 - Upgrade Verification Suite Started
